[2024-12-03 23:19:51,516] multiqc                                            [DEBUG  ]  This is MultiQC v1.14
[2024-12-03 23:19:51,518] multiqc                                            [DEBUG  ]  Command used: /home/lhillary/micromamba/envs/ViromeDataProcessing/bin/multiqc .
[2024-12-03 23:19:52,230] multiqc                                            [WARNING]  MultiQC Version v1.25.2 now available!
[2024-12-03 23:19:52,230] multiqc                                            [DEBUG  ]  Working dir : /group/jbemersogrp/BioinformaticsSetup/Tutorial/Virome/1-Preprocessing/FastQC/Raw
[2024-12-03 23:19:52,231] multiqc                                            [DEBUG  ]  Template    : default
[2024-12-03 23:19:52,231] multiqc                                            [DEBUG  ]  Running Python 3.10.11 | packaged by conda-forge | (main, May 10 2023, 18:58:44) [GCC 11.3.0]
[2024-12-03 23:19:52,232] multiqc                                            [DEBUG  ]  Analysing modules: custom_content, ccs, ngsderive, purple, conpair, lima, peddy, somalier, methylQA, mosdepth, phantompeakqualtools, qualimap, preseq, hifiasm, quast, qorts, rna_seqc, rockhopper, rsem, rseqc, busco, bustools, goleft_indexcov, gffcompare, disambiguate, supernova, deeptools, sargasso, verifybamid, mirtrace, happy, mirtop, sambamba, gopeaks, homer, hops, macs2, theta2, snpeff, gatk, htseq, bcftools, featureCounts, fgbio, dragen, dragen_fastqc, dedup, pbmarkdup, damageprofiler, biobambam2, jcvi, mtnucratio, picard, vep, sentieon, prokka, qc3C, nanostat, samblaster, samtools, sexdeterrmine, eigenstratdatabasetools, bamtools, jellyfish, vcftools, longranger, stacks, varscan2, snippy, umitools, bbmap, bismark, biscuit, diamond, hicexplorer, hicup, hicpro, salmon, kallisto, slamdunk, star, hisat2, tophat, bowtie2, bowtie1, cellranger, snpsplit, odgi, pangolin, nextclade, humid, kat, leehom, adapterRemoval, bbduk, clipandmerge, cutadapt, flexbar, kaiju, kraken, malt, motus, trimmomatic, sickle, skewer, sortmerna, biobloomtools, fastq_screen, afterqc, fastp, fastqc, filtlong, prinseqplusplus, pychopper, porechop, pycoqc, minionqc, anglerfish, multivcfanalyzer, clusterflow, checkqc, bcl2fastq, bclconvert, interop, ivar, flash, seqyclean, optitype, whatshap
[2024-12-03 23:19:52,232] multiqc                                            [DEBUG  ]  Using temporary directory for creating report: /tmp/tmpi3tnq8r0
[2024-12-03 23:19:52,937] multiqc                                            [INFO   ]  Search path : /group/jbemersogrp/BioinformaticsSetup/Tutorial/Virome/1-Preprocessing/FastQC/Raw
[2024-12-03 23:19:53,900] multiqc                                            [DEBUG  ]  Summary of files that were skipped by the search: [skipped_module_specific_max_filesize: 30] // [skipped_no_match: 6]
[2024-12-03 23:19:57,194] multiqc.plots.bargraph                             [DEBUG  ]  Using matplotlib version 3.7.2
[2024-12-03 23:19:57,219] multiqc.plots.linegraph                            [DEBUG  ]  Using matplotlib version 3.7.2
[2024-12-03 23:19:57,230] multiqc                                            [DEBUG  ]  No samples found: custom_content
[2024-12-03 23:19:57,307] multiqc.modules.fastqc.fastqc                      [INFO   ]  Found 6 reports
[2024-12-03 23:19:57,308] multiqc.modules.fastqc.fastqc                      [WARNING]  Sample had zero reads: 'S2_R1_downsampled'
[2024-12-03 23:19:57,309] multiqc.modules.fastqc.fastqc                      [WARNING]  Sample had zero reads: 'S1_R1_downsampled'
[2024-12-03 23:19:57,309] multiqc.modules.fastqc.fastqc                      [WARNING]  Sample had zero reads: 'S2_R2_downsampled'
[2024-12-03 23:19:57,309] multiqc.modules.fastqc.fastqc                      [WARNING]  Sample had zero reads: 'S1_R2_downsampled'
[2024-12-03 23:19:57,309] multiqc.modules.fastqc.fastqc                      [WARNING]  Sample had zero reads: 'S3_R1_downsampled'
[2024-12-03 23:19:57,310] multiqc.modules.fastqc.fastqc                      [WARNING]  Sample had zero reads: 'S3_R2_downsampled'
[2024-12-03 23:19:57,321] multiqc.modules.fastqc.fastqc                      [DEBUG  ]  sequence_quality not found in FastQC reports
[2024-12-03 23:19:57,321] multiqc.modules.fastqc.fastqc                      [DEBUG  ]  per_seq_quality not found in FastQC reports
[2024-12-03 23:19:57,348] multiqc.modules.fastqc.fastqc                      [DEBUG  ]  adapter_content not found in FastQC reports
[2024-12-03 23:19:57,399] multiqc                                            [INFO   ]  Compressing plot data
[2024-12-03 23:19:57,439] multiqc                                            [INFO   ]  Report      : multiqc_report.html
[2024-12-03 23:19:57,439] multiqc                                            [INFO   ]  Data        : multiqc_data
[2024-12-03 23:19:57,439] multiqc                                            [DEBUG  ]  Moving data file from '/tmp/tmpi3tnq8r0/multiqc_data' to '/group/jbemersogrp/BioinformaticsSetup/Tutorial/Virome/1-Preprocessing/FastQC/Raw/multiqc_data'
[2024-12-03 23:19:58,317] multiqc                                            [INFO   ]  MultiQC complete
