Building DAG of jobs...
Using shell: /usr/bin/bash
Provided cluster nodes: 100
Job stats:
job          count    min threads    max threads
---------  -------  -------------  -------------
RawFastQC        3              8              8
all              1              1              1
total            4              1              8

Select jobs to execute...

[Tue Dec  3 23:16:01 2024]
Job 2: Running FastQC on S2
Reason: Missing output files: Checks/1.1-RawFastQC_S2.done


        mkdir -p 1-Preprocessing/FastQC/Raw/ &&         fastqc 0-raw/S2_R1_downsampled.fastq.gz -o 1-Preprocessing/FastQC/Raw/ -t 8 &&         fastqc 0-raw/S2_R2_downsampled.fastq.gz -o 1-Preprocessing/FastQC/Raw/ -t 8 &&         touch Checks/1.1-RawFastQC_S2.done
    
Submitted job 2 with external jobid '18534503'.

[Tue Dec  3 23:16:04 2024]
Job 1: Running FastQC on S1
Reason: Missing output files: Checks/1.1-RawFastQC_S1.done


        mkdir -p 1-Preprocessing/FastQC/Raw/ &&         fastqc 0-raw/S1_R1_downsampled.fastq.gz -o 1-Preprocessing/FastQC/Raw/ -t 8 &&         fastqc 0-raw/S1_R2_downsampled.fastq.gz -o 1-Preprocessing/FastQC/Raw/ -t 8 &&         touch Checks/1.1-RawFastQC_S1.done
    
Submitted job 1 with external jobid '18534504'.

[Tue Dec  3 23:16:04 2024]
Job 3: Running FastQC on S3
Reason: Missing output files: Checks/1.1-RawFastQC_S3.done


        mkdir -p 1-Preprocessing/FastQC/Raw/ &&         fastqc 0-raw/S3_R1_downsampled.fastq.gz -o 1-Preprocessing/FastQC/Raw/ -t 8 &&         fastqc 0-raw/S3_R2_downsampled.fastq.gz -o 1-Preprocessing/FastQC/Raw/ -t 8 &&         touch Checks/1.1-RawFastQC_S3.done
    
Submitted job 3 with external jobid '18534505'.
Waiting at most 600 seconds for missing files.
[Tue Dec  3 23:17:07 2024]
Finished job 2.
1 of 4 steps (25%) done
[Tue Dec  3 23:17:07 2024]
Finished job 1.
2 of 4 steps (50%) done
[Tue Dec  3 23:17:07 2024]
Finished job 3.
3 of 4 steps (75%) done
Select jobs to execute...

[Tue Dec  3 23:17:07 2024]
localrule all:
    input: Checks/1.1-RawFastQC_S1.done, Checks/1.1-RawFastQC_S2.done, Checks/1.1-RawFastQC_S3.done
    jobid: 0
    reason: Input files updated by another job: Checks/1.1-RawFastQC_S3.done, Checks/1.1-RawFastQC_S1.done, Checks/1.1-RawFastQC_S2.done
    resources: mem_mb=24000, mem_mib=22889, disk_mb=1000, disk_mib=954, tmpdir=/tmp, time=240, partition=high2, threads=8, nodes=1, account=jbemersogrp

[Tue Dec  3 23:17:07 2024]
Finished job 0.
4 of 4 steps (100%) done
Complete log: .snakemake/log/2024-12-03T231600.318773.snakemake.log
